<?xml version="1.0" encoding="UTF-8"?>
<testng-results ignored="0" total="1" passed="1" failed="0" skipped="0">
  <reporter-output>
  </reporter-output>
  <suite started-at="2023-03-04T13:29:09 IST" name="Default suite" finished-at="2023-03-04T13:29:09 IST" duration-ms="49">
    <groups>
    </groups>
    <test started-at="2023-03-04T13:29:09 IST" name="Default test" finished-at="2023-03-04T13:29:09 IST" duration-ms="49">
      <class name="com.git.tests.Hometest">
        <test-method signature="testhome()[pri:0, instance:com.git.tests.Hometest@2dde1bff]" started-at="2023-03-04T13:29:09 IST" name="testhome" finished-at="2023-03-04T13:29:09 IST" duration-ms="12" status="PASS">
          <reporter-output>
          </reporter-output>
        </test-method> <!-- testhome -->
      </class> <!-- com.git.tests.Hometest -->
    </test> <!-- Default test -->
  </suite> <!-- Default suite -->
</testng-results>
